Rendering to 1024x1024 image
Loaded scene with 10 circles
Loaded scene with 10 circles
---------------------------------------------------------
Initializing CUDA for CudaRenderer
Found 1 CUDA devices
Device 0: NVIDIA GeForce RTX 4050 Laptop GPU
   SMs:        20
   Global mem: 6140 MB
   CUDA Cap:   8.9
---------------------------------------------------------

Running benchmark, 1 frames, beginning at frame 0 ...
Dumping frames to output_xxx.ppm
Copying image data from device
Wrote image file output_0000.ppm
Copying image data from device
***************** Correctness check passed **************************
Clear:    0.2615 ms
Advance:  0.0988 ms
Render:   0.7941 ms
Total:    1.1544 ms
File IO:  89.9855 ms

Overall:  0.1064 sec (note units are seconds)
